<?xml version="1.0" encoding="UTF-8"?>
<!-- Generated by org.testng.reporters.JUnitXMLReporter -->
<testsuite hostname="Abhinav-Agrawal.local" name="Test" tests="1" failures="0" timestamp="29 Aug 2016 10:32:39 GMT" time="51.737" errors="0">
  <testcase name="@BeforeTest beforeTest" time="0.0" classname="Basic.NewTest">
    <failure type="org.openqa.selenium.WebDriverException" message="Failed to connect to binary FirefoxBinary(/Applications/Firefox.app/Contents/MacOS/firefox-bin) on port 7055; process output follows: 
/firefox@getpocket.com.xpi&amp;quot;,&amp;quot;e&amp;quot;:true,&amp;quot;v&amp;quot;:&amp;quot;1.0.2&amp;quot;,&amp;quot;st&amp;quot;:1465372435000},&amp;quot;loop@mozilla.org&amp;quot;:{&amp;quot;d&amp;quot;:&amp;quot;/Applications/Firefox.app/Contents/Resources/browser/features/loop@mozilla.org.xpi&amp;quot;,&amp;quot;e&amp;quot;:true,&amp;quot;v&amp;quot;:&amp;quot;1.3.2&amp;quot;,&amp;quot;st&amp;quot;:1465372435000}},&amp;quot;app-global&amp;quot;:{&amp;quot;{972ce4c6-7e08-4474-a285-3208198ce6fd}&amp;quot;:{&amp;quot;d&amp;quot;:&amp;quot;/Applications/Firefox.app/Contents/Resources/browser/extensions/{972ce4c6-7e08-4474-a285-3208198ce6fd}.xpi&amp;quot;,&amp;quot;e&amp;quot;:true,&amp;quot;v&amp;quot;:&amp;quot;47.0&amp;quot;,&amp;quot;st&amp;quot;:1465372435000}},&amp;quot;app-system-local&amp;quot;:{&amp;quot;web2pdfextension@web2pdf.adobedotcom&amp;quot;:{&amp;quot;d&amp;quot;:&amp;quot;/Library/Application Support/Mozilla/Extensions/{ec8030f7-c20a-464f-9b0e-13a3a9e97384}/web2pdfextension@web2pdf.adobedotcom&amp;quot;,&amp;quot;e&amp;quot;:false,&amp;quot;v&amp;quot;:&amp;quot;15&amp;quot;,&amp;quot;st&amp;quot;:1467971257000,&amp;quot;mt&amp;quot;:1464374515000}}}
1472466714709	addons.xpi	DEBUG	No changes found
1472466714714	addons.xpi	DEBUG	Registering manifest for /Applications/Firefox.app/Contents/Resources/browser/features/e10srollout@mozilla.org.xpi
1472466714714	addons.xpi	DEBUG	Loading bootstrap scope from /Applications/Firefox.app/Contents/Resources/browser/features/e10srollout@mozilla.org.xpi
1472466714723	addons.xpi	DEBUG	Calling bootstrap method startup on e10srollout@mozilla.org version 1.0
1472466714723	addons.xpi	DEBUG	Registering manifest for /Applications/Firefox.app/Contents/Resources/browser/features/firefox@getpocket.com.xpi
1472466714724	addons.xpi	DEBUG	Loading bootstrap scope from /Applications/Firefox.app/Contents/Resources/browser/features/firefox@getpocket.com.xpi
1472466714726	addons.xpi	DEBUG	Calling bootstrap method startup on firefox@getpocket.com version 1.0.2
1472466714732	addons.xpi-utils	DEBUG	Starting async load of XPI database /var/folders/cp/brsg63jn2kn9cjrhn8yzy_1sksg35w/T/anonymous1635420817905600362webdriver-profile/extensions.json
1472466714733	addons.xpi	DEBUG	Registering manifest for /Applications/Firefox.app/Contents/Resources/browser/features/loop@mozilla.org.xpi
1472466714733	addons.xpi	DEBUG	Loading bootstrap scope from /Applications/Firefox.app/Contents/Resources/browser/features/loop@mozilla.org.xpi
1472466714739	addons.xpi	DEBUG	Calling bootstrap method startup on loop@mozilla.org version 1.3.2
1472466714756	addons.manager	DEBUG	Registering shutdown blocker for XPIProvider
1472466714757	addons.manager	DEBUG	Provider finished startup: XPIProvider
1472466714757	addons.manager	DEBUG	Starting provider: LightweightThemeManager
1472466714757	addons.manager	DEBUG	Registering shutdown blocker for LightweightThemeManager
1472466714757	addons.manager	DEBUG	Provider finished startup: LightweightThemeManager
1472466714757	addons.manager	DEBUG	Starting provider: GMPProvider
1472466714762	addons.manager	DEBUG	Registering shutdown blocker for GMPProvider
1472466714762	addons.manager	DEBUG	Provider finished startup: GMPProvider
1472466714762	addons.manager	DEBUG	Starting provider: PluginProvider
1472466714762	addons.manager	DEBUG	Registering shutdown blocker for PluginProvider
1472466714763	addons.manager	DEBUG	Provider finished startup: PluginProvider
1472466714763	addons.manager	DEBUG	Completed startup sequence
1472466714955	addons.xpi-utils	DEBUG	Async JSON file read took 0 MS
1472466714955	addons.xpi-utils	DEBUG	Finished async read of XPI database, parsing...
1472466714956	addons.xpi-utils	DEBUG	Successfully read XPI database
1472466714964	addons.manager	DEBUG	Starting provider: &amp;lt;unnamed-provider&amp;gt;
1472466714964	addons.manager	DEBUG	Registering shutdown blocker for &amp;lt;unnamed-provider&amp;gt;
1472466714964	addons.manager	DEBUG	Provider finished startup: &amp;lt;unnamed-provider&amp;gt;
*** Blocklist::_loadBlocklistFromFile: blocklist is disabled
1472466715054	addons.manager	DEBUG	Starting provider: PreviousExperimentProvider
1472466715054	addons.manager	DEBUG	Registering shutdown blocker for PreviousExperimentProvider
1472466715054	addons.manager	DEBUG	Provider finished startup: PreviousExperimentProvider
JavaScript warning: https://normandy.cdn.mozilla.net/static/bundles/selfrepair-068962304d04a2173e88.94ed0f93a4f3.js, line 11002: mutating the [[Prototype]] of an object will cause your code to run very slowly; instead create the object with the correct initial [[Prototype]] value using Object.create

Build info: version: &amp;apos;2.45.0&amp;apos;, revision: &amp;apos;5017cb8e7ca8e37638dc3091b2440b90a1d8686f&amp;apos;, time: &amp;apos;2015-02-27 09:10:26&amp;apos;
System info: host: &amp;apos;Abhinav-Agrawal.local&amp;apos;, ip: &amp;apos;10.20.94.85&amp;apos;, os.name: &amp;apos;Mac OS X&amp;apos;, os.arch: &amp;apos;x86_64&amp;apos;, os.version: &amp;apos;10.11.5&amp;apos;, java.version: &amp;apos;1.8.0_71&amp;apos;
Driver info: driver.version: FirefoxDriver">
      <![CDATA[org.openqa.selenium.WebDriverException: Failed to connect to binary FirefoxBinary(/Applications/Firefox.app/Contents/MacOS/firefox-bin) on port 7055; process output follows: 
/firefox@getpocket.com.xpi","e":true,"v":"1.0.2","st":1465372435000},"loop@mozilla.org":{"d":"/Applications/Firefox.app/Contents/Resources/browser/features/loop@mozilla.org.xpi","e":true,"v":"1.3.2","st":1465372435000}},"app-global":{"{972ce4c6-7e08-4474-a285-3208198ce6fd}":{"d":"/Applications/Firefox.app/Contents/Resources/browser/extensions/{972ce4c6-7e08-4474-a285-3208198ce6fd}.xpi","e":true,"v":"47.0","st":1465372435000}},"app-system-local":{"web2pdfextension@web2pdf.adobedotcom":{"d":"/Library/Application Support/Mozilla/Extensions/{ec8030f7-c20a-464f-9b0e-13a3a9e97384}/web2pdfextension@web2pdf.adobedotcom","e":false,"v":"15","st":1467971257000,"mt":1464374515000}}}
1472466714709	addons.xpi	DEBUG	No changes found
1472466714714	addons.xpi	DEBUG	Registering manifest for /Applications/Firefox.app/Contents/Resources/browser/features/e10srollout@mozilla.org.xpi
1472466714714	addons.xpi	DEBUG	Loading bootstrap scope from /Applications/Firefox.app/Contents/Resources/browser/features/e10srollout@mozilla.org.xpi
1472466714723	addons.xpi	DEBUG	Calling bootstrap method startup on e10srollout@mozilla.org version 1.0
1472466714723	addons.xpi	DEBUG	Registering manifest for /Applications/Firefox.app/Contents/Resources/browser/features/firefox@getpocket.com.xpi
1472466714724	addons.xpi	DEBUG	Loading bootstrap scope from /Applications/Firefox.app/Contents/Resources/browser/features/firefox@getpocket.com.xpi
1472466714726	addons.xpi	DEBUG	Calling bootstrap method startup on firefox@getpocket.com version 1.0.2
1472466714732	addons.xpi-utils	DEBUG	Starting async load of XPI database /var/folders/cp/brsg63jn2kn9cjrhn8yzy_1sksg35w/T/anonymous1635420817905600362webdriver-profile/extensions.json
1472466714733	addons.xpi	DEBUG	Registering manifest for /Applications/Firefox.app/Contents/Resources/browser/features/loop@mozilla.org.xpi
1472466714733	addons.xpi	DEBUG	Loading bootstrap scope from /Applications/Firefox.app/Contents/Resources/browser/features/loop@mozilla.org.xpi
1472466714739	addons.xpi	DEBUG	Calling bootstrap method startup on loop@mozilla.org version 1.3.2
1472466714756	addons.manager	DEBUG	Registering shutdown blocker for XPIProvider
1472466714757	addons.manager	DEBUG	Provider finished startup: XPIProvider
1472466714757	addons.manager	DEBUG	Starting provider: LightweightThemeManager
1472466714757	addons.manager	DEBUG	Registering shutdown blocker for LightweightThemeManager
1472466714757	addons.manager	DEBUG	Provider finished startup: LightweightThemeManager
1472466714757	addons.manager	DEBUG	Starting provider: GMPProvider
1472466714762	addons.manager	DEBUG	Registering shutdown blocker for GMPProvider
1472466714762	addons.manager	DEBUG	Provider finished startup: GMPProvider
1472466714762	addons.manager	DEBUG	Starting provider: PluginProvider
1472466714762	addons.manager	DEBUG	Registering shutdown blocker for PluginProvider
1472466714763	addons.manager	DEBUG	Provider finished startup: PluginProvider
1472466714763	addons.manager	DEBUG	Completed startup sequence
1472466714955	addons.xpi-utils	DEBUG	Async JSON file read took 0 MS
1472466714955	addons.xpi-utils	DEBUG	Finished async read of XPI database, parsing...
1472466714956	addons.xpi-utils	DEBUG	Successfully read XPI database
1472466714964	addons.manager	DEBUG	Starting provider: <unnamed-provider>
1472466714964	addons.manager	DEBUG	Registering shutdown blocker for <unnamed-provider>
1472466714964	addons.manager	DEBUG	Provider finished startup: <unnamed-provider>
*** Blocklist::_loadBlocklistFromFile: blocklist is disabled
1472466715054	addons.manager	DEBUG	Starting provider: PreviousExperimentProvider
1472466715054	addons.manager	DEBUG	Registering shutdown blocker for PreviousExperimentProvider
1472466715054	addons.manager	DEBUG	Provider finished startup: PreviousExperimentProvider
JavaScript warning: https://normandy.cdn.mozilla.net/static/bundles/selfrepair-068962304d04a2173e88.94ed0f93a4f3.js, line 11002: mutating the [[Prototype]] of an object will cause your code to run very slowly; instead create the object with the correct initial [[Prototype]] value using Object.create

Build info: version: '2.45.0', revision: '5017cb8e7ca8e37638dc3091b2440b90a1d8686f', time: '2015-02-27 09:10:26'
System info: host: 'Abhinav-Agrawal.local', ip: '10.20.94.85', os.name: 'Mac OS X', os.arch: 'x86_64', os.version: '10.11.5', java.version: '1.8.0_71'
Driver info: driver.version: FirefoxDriver
	at org.openqa.selenium.firefox.internal.NewProfileExtensionConnection.start(NewProfileExtensionConnection.java:130)
	at org.openqa.selenium.firefox.FirefoxDriver.startClient(FirefoxDriver.java:246)
	at org.openqa.selenium.remote.RemoteWebDriver.<init>(RemoteWebDriver.java:114)
	at org.openqa.selenium.firefox.FirefoxDriver.<init>(FirefoxDriver.java:191)
	at org.openqa.selenium.firefox.FirefoxDriver.<init>(FirefoxDriver.java:186)
	at org.openqa.selenium.firefox.FirefoxDriver.<init>(FirefoxDriver.java:182)
	at org.openqa.selenium.firefox.FirefoxDriver.<init>(FirefoxDriver.java:95)
	at Basic.NewTest.beforeTest(NewTest.java:24)
Caused by: org.openqa.selenium.firefox.NotConnectedException: Unable to connect to host 127.0.0.1 on port 7055 after 45000 ms. Firefox console output:
/firefox@getpocket.com.xpi","e":true,"v":"1.0.2","st":1465372435000},"loop@mozilla.org":{"d":"/Applications/Firefox.app/Contents/Resources/browser/features/loop@mozilla.org.xpi","e":true,"v":"1.3.2","st":1465372435000}},"app-global":{"{972ce4c6-7e08-4474-a285-3208198ce6fd}":{"d":"/Applications/Firefox.app/Contents/Resources/browser/extensions/{972ce4c6-7e08-4474-a285-3208198ce6fd}.xpi","e":true,"v":"47.0","st":1465372435000}},"app-system-local":{"web2pdfextension@web2pdf.adobedotcom":{"d":"/Library/Application Support/Mozilla/Extensions/{ec8030f7-c20a-464f-9b0e-13a3a9e97384}/web2pdfextension@web2pdf.adobedotcom","e":false,"v":"15","st":1467971257000,"mt":1464374515000}}}
1472466714709	addons.xpi	DEBUG	No changes found
1472466714714	addons.xpi	DEBUG	Registering manifest for /Applications/Firefox.app/Contents/Resources/browser/features/e10srollout@mozilla.org.xpi
1472466714714	addons.xpi	DEBUG	Loading bootstrap scope from /Applications/Firefox.app/Contents/Resources/browser/features/e10srollout@mozilla.org.xpi
1472466714723	addons.xpi	DEBUG	Calling bootstrap method startup on e10srollout@mozilla.org version 1.0
1472466714723	addons.xpi	DEBUG	Registering manifest for /Applications/Firefox.app/Contents/Resources/browser/features/firefox@getpocket.com.xpi
1472466714724	addons.xpi	DEBUG	Loading bootstrap scope from /Applications/Firefox.app/Contents/Resources/browser/features/firefox@getpocket.com.xpi
1472466714726	addons.xpi	DEBUG	Calling bootstrap method startup on firefox@getpocket.com version 1.0.2
1472466714732	addons.xpi-utils	DEBUG	Starting async load of XPI database /var/folders/cp/brsg63jn2kn9cjrhn8yzy_1sksg35w/T/anonymous1635420817905600362webdriver-profile/extensions.json
1472466714733	addons.xpi	DEBUG	Registering manifest for /Applications/Firefox.app/Contents/Resources/browser/features/loop@mozilla.org.xpi
1472466714733	addons.xpi	DEBUG	Loading bootstrap scope from /Applications/Firefox.app/Contents/Resources/browser/features/loop@mozilla.org.xpi
1472466714739	addons.xpi	DEBUG	Calling bootstrap method startup on loop@mozilla.org version 1.3.2
1472466714756	addons.manager	DEBUG	Registering shutdown blocker for XPIProvider
1472466714757	addons.manager	DEBUG	Provider finished startup: XPIProvider
1472466714757	addons.manager	DEBUG	Starting provider: LightweightThemeManager
1472466714757	addons.manager	DEBUG	Registering shutdown blocker for LightweightThemeManager
1472466714757	addons.manager	DEBUG	Provider finished startup: LightweightThemeManager
1472466714757	addons.manager	DEBUG	Starting provider: GMPProvider
1472466714762	addons.manager	DEBUG	Registering shutdown blocker for GMPProvider
1472466714762	addons.manager	DEBUG	Provider finished startup: GMPProvider
1472466714762	addons.manager	DEBUG	Starting provider: PluginProvider
1472466714762	addons.manager	DEBUG	Registering shutdown blocker for PluginProvider
1472466714763	addons.manager	DEBUG	Provider finished startup: PluginProvider
1472466714763	addons.manager	DEBUG	Completed startup sequence
1472466714955	addons.xpi-utils	DEBUG	Async JSON file read took 0 MS
1472466714955	addons.xpi-utils	DEBUG	Finished async read of XPI database, parsing...
1472466714956	addons.xpi-utils	DEBUG	Successfully read XPI database
1472466714964	addons.manager	DEBUG	Starting provider: <unnamed-provider>
1472466714964	addons.manager	DEBUG	Registering shutdown blocker for <unnamed-provider>
1472466714964	addons.manager	DEBUG	Provider finished startup: <unnamed-provider>
*** Blocklist::_loadBlocklistFromFile: blocklist is disabled
1472466715054	addons.manager	DEBUG	Starting provider: PreviousExperimentProvider
1472466715054	addons.manager	DEBUG	Registering shutdown blocker for PreviousExperimentProvider
1472466715054	addons.manager	DEBUG	Provider finished startup: PreviousExperimentProvider
JavaScript warning: https://normandy.cdn.mozilla.net/static/bundles/selfrepair-068962304d04a2173e88.94ed0f93a4f3.js, line 11002: mutating the [[Prototype]] of an object will cause your code to run very slowly; instead create the object with the correct initial [[Prototype]] value using Object.create

	at org.openqa.selenium.firefox.internal.NewProfileExtensionConnection.start(NewProfileExtensionConnection.java:118)
	... 29 more
... Removed 22 stack frames]]>
    </failure>
  </testcase> <!-- @BeforeTest beforeTest -->
  <testcase name="@AfterTest afterTest" time="0.0" classname="Basic.NewTest">
    <skipped/>
  </testcase> <!-- @AfterTest afterTest -->
  <testcase name="testEasy" time="0.001" classname="Basic.NewTest">
    <skipped/>
  </testcase> <!-- testEasy -->
</testsuite> <!-- Test -->
