<?xml version="1.0" encoding="UTF-8"?>
<testng-results skipped="0" failed="0" total="1" passed="1">
  <reporter-output>
  </reporter-output>
  <suite name="Basic.NewTest" duration-ms="9514" started-at="2016-08-29T12:06:08Z" finished-at="2016-08-29T12:06:18Z">
    <groups>
    </groups>
    <test name="Command line test" duration-ms="9514" started-at="2016-08-29T12:06:08Z" finished-at="2016-08-29T12:06:18Z">
      <class name="Basic.NewTest">
        <test-method status="PASS" signature="beforeTest()[pri:0, instance:Basic.NewTest@1a407d53]" name="beforeTest" is-config="true" duration-ms="1953" started-at="2016-08-29T17:36:08Z" finished-at="2016-08-29T17:36:10Z">
          <reporter-output>
          </reporter-output>
        </test-method> <!-- beforeTest -->
        <test-method status="PASS" signature="testEasy()[pri:0, instance:Basic.NewTest@1a407d53]" name="testEasy" duration-ms="7553" started-at="2016-08-29T17:36:10Z" finished-at="2016-08-29T17:36:18Z">
          <reporter-output>
          </reporter-output>
        </test-method> <!-- testEasy -->
        <test-method status="PASS" signature="afterTest()[pri:0, instance:Basic.NewTest@1a407d53]" name="afterTest" is-config="true" duration-ms="0" started-at="2016-08-29T17:36:18Z" finished-at="2016-08-29T17:36:18Z">
          <reporter-output>
          </reporter-output>
        </test-method> <!-- afterTest -->
      </class> <!-- Basic.NewTest -->
    </test> <!-- Command line test -->
  </suite> <!-- Basic.NewTest -->
</testng-results>
